host name: ip-172-31-21-220
IPv4 IP address: 172.31.21.220
socket created [3]
bind returned success
listen returned success
Awaiting Connection(s)...
------------------------------
accepted connection, socket [4]
Recieved Op Code [1] from Client
Recieved [17] from Client
Recieved [Bobby,1234567,va] from Client
------------------------------
Error recieving Op Code from Client
Child process ending
------------------------------
host name: ip-172-31-21-220
IPv4 IP address: 172.31.21.220
socket created [3]
bind returned success
listen returned success
Awaiting Connection(s)...
------------------------------
accepted connection, socket [4]
Created process to handle child
------------------------------
accepted connection, socket [5]
Recieved Op Code [1] from Client
Recieved [19] from Client
Recieved [PAtrick,4] from Client
------------------------------
Error recieving Op Code from Client
Child process ending
------------------------------
